<?xml version="1.0" encoding="UTF-8"?>
<!-- Generated by org.testng.reporters.JUnitReportReporter -->
<testsuite hostname="LAPTOP-0ASHM1TK" failures="0" tests="2" name="CrossB.Login" time="19.946" errors="0" timestamp="2023-01-03T11:25:25 IST" skipped="0">
  <testcase classname="CrossB.Login" name="VerifyLogin" time="13.873"/>
  <system-out/>
  <testcase classname="CrossB.Login" name="VerifyLogin" time="6.073"/>
  <system-out/>
</testsuite> <!-- CrossB.Login -->
