<?xml version="1.0" encoding="UTF-8"?>
<!-- Generated by org.testng.reporters.JUnitReportReporter -->
<testsuite hostname="LAPTOP-0ASHM1TK" failures="0" tests="2" name="TestData.Test_2" time="0.017" errors="0" timestamp="2023-01-06T13:42:05 IST" skipped="0">
  <testcase classname="TestData.Test_2" name="test1" time="0.005"/>
  <system-out/>
  <testcase classname="TestData.Test_2" name="test" time="0.012"/>
  <system-out/>
</testsuite> <!-- TestData.Test_2 -->
