<?xml version="1.0" encoding="UTF-8"?>
<!-- Generated by org.testng.reporters.JUnitReportReporter -->
<testsuite hostname="LAPTOP-0ASHM1TK" failures="0" tests="1" name="CrossB.HomePage" time="0.003" errors="0" timestamp="2023-01-03T11:25:25 IST" skipped="0">
  <testcase classname="CrossB.HomePage" name="testHomePage" time="0.003"/>
  <system-out/>
</testsuite> <!-- CrossB.HomePage -->
