<?xml version="1.0" encoding="UTF-8"?>
<!-- Generated by org.testng.reporters.JUnitReportReporter -->
<testsuite hostname="LAPTOP-0ASHM1TK" failures="0" tests="3" name="TestData.Test_3" time="9.005" errors="0" timestamp="2023-01-03T00:44:37 IST" skipped="1">
  <testcase classname="TestData.Test_3" name="testB" time="5.639"/>
  <system-out/>
  <testcase classname="TestData.Test_3" name="testA" time="3.366"/>
  <system-out/>
  <testcase classname="TestData.Test_3" name="testC">
    <skipped/>
  </testcase> <!-- testC -->
  <system-out/>
</testsuite> <!-- TestData.Test_3 -->
