<?xml version="1.0" encoding="UTF-8"?>
<!-- Generated by org.testng.reporters.JUnitReportReporter -->
<testsuite hostname="LAPTOP-0ASHM1TK" failures="0" tests="1" name="CrossB.LoginVerify" time="40.149" errors="0" timestamp="2023-01-06T13:36:49 IST" skipped="0">
  <testcase classname="CrossB.LoginVerify" name="login" time="40.149"/>
  <system-out/>
</testsuite> <!-- CrossB.LoginVerify -->
