<?xml version="1.0" encoding="UTF-8"?>
<!-- Generated by org.testng.reporters.JUnitReportReporter -->
<testsuite hostname="LAPTOP-0ASHM1TK" failures="0" tests="2" name="TestData.Test_1" time="1.097" errors="0" timestamp="2022-12-29T15:15:00 IST" skipped="0">
  <testcase classname="TestData.Test_1" name="test1" time="1.081"/>
  <system-out/>
  <testcase classname="TestData.Test_1" name="test" time="0.016"/>
  <system-out/>
</testsuite> <!-- TestData.Test_1 -->
