<?xml version="1.0" encoding="UTF-8"?>
<!-- Generated by org.testng.reporters.JUnitReportReporter -->
<testsuite hostname="LAPTOP-0ASHM1TK" failures="0" tests="4" name="TestData.Test_5" time="0.011" errors="0" timestamp="2023-01-03T00:44:37 IST" skipped="0">
  <testcase classname="TestData.Test_5" name="test2" time="0.002"/>
  <system-out/>
  <testcase classname="TestData.Test_5" name="test1" time="0.005"/>
  <system-out/>
  <testcase classname="TestData.Test_5" name="test4" time="0.002"/>
  <system-out/>
  <testcase classname="TestData.Test_5" name="test3" time="0.002"/>
  <system-out/>
</testsuite> <!-- TestData.Test_5 -->
